C:\USERS\ILLUSIVE\DOCUMENTS\VISUAL STUDIO 2013\PROJECTS\PSYCHICSORT\PSYCHICSORT\DEBUG\HASHMAP.OBJ
C:\USERS\ILLUSIVE\DOCUMENTS\VISUAL STUDIO 2013\PROJECTS\PSYCHICSORT\PSYCHICSORT\DEBUG\HASHSORT.OBJ
C:\USERS\ILLUSIVE\DOCUMENTS\VISUAL STUDIO 2013\PROJECTS\PSYCHICSORT\PSYCHICSORT\DEBUG\IOTHERSORT.OBJ
C:\USERS\ILLUSIVE\DOCUMENTS\VISUAL STUDIO 2013\PROJECTS\PSYCHICSORT\PSYCHICSORT\DEBUG\PSYCHICSORT.OBJ
C:\USERS\ILLUSIVE\DOCUMENTS\VISUAL STUDIO 2013\PROJECTS\PSYCHICSORT\PSYCHICSORT\DEBUG\QUICKSORT.OBJ
C:\USERS\ILLUSIVE\DOCUMENTS\VISUAL STUDIO 2013\PROJECTS\PSYCHICSORT\PSYCHICSORT\DEBUG\SOURCE.OBJ
C:\USERS\ILLUSIVE\DOCUMENTS\VISUAL STUDIO 2013\PROJECTS\PSYCHICSORT\PSYCHICSORT\DEBUG\VC110.PDB
C:\USERS\ILLUSIVE\DOCUMENTS\VISUAL STUDIO 2013\PROJECTS\PSYCHICSORT\PSYCHICSORT\DEBUG\OTHERSORT.OBJ
C:\Users\Illusive\Documents\Visual Studio 2013\Projects\PsychicSort\PsychicSort\Debug\IOtherSort.obj
C:\Users\Illusive\Documents\Visual Studio 2013\Projects\PsychicSort\PsychicSort\Debug\OtherSort.obj
C:\Users\Illusive\Documents\Visual Studio 2013\Projects\PsychicSort\PsychicSort\Debug\cl.command.1.tlog
C:\Users\Illusive\Documents\Visual Studio 2013\Projects\PsychicSort\PsychicSort\Debug\CL.read.1.tlog
C:\Users\Illusive\Documents\Visual Studio 2013\Projects\PsychicSort\PsychicSort\Debug\CL.write.1.tlog
C:\Users\Illusive\Documents\Visual Studio 2013\Projects\PsychicSort\PsychicSort\Debug\link-cvtres.read.1.tlog
C:\Users\Illusive\Documents\Visual Studio 2013\Projects\PsychicSort\PsychicSort\Debug\link-cvtres.write.1.tlog
C:\Users\Illusive\Documents\Visual Studio 2013\Projects\PsychicSort\PsychicSort\Debug\link-rc.read.1.tlog
C:\Users\Illusive\Documents\Visual Studio 2013\Projects\PsychicSort\PsychicSort\Debug\link-rc.write.1.tlog
C:\Users\Illusive\Documents\Visual Studio 2013\Projects\PsychicSort\PsychicSort\Debug\link.command.1.tlog
C:\Users\Illusive\Documents\Visual Studio 2013\Projects\PsychicSort\PsychicSort\Debug\link.read.1.tlog
C:\Users\Illusive\Documents\Visual Studio 2013\Projects\PsychicSort\PsychicSort\Debug\link.write.1.tlog
C:\Users\Illusive\Documents\Visual Studio 2013\Projects\PsychicSort\PsychicSort\Debug\vc110.idb
C:\Users\Illusive\Documents\Visual Studio 2013\Projects\PsychicSort\PsychicSort\Debug\vc110.pdb
C:\Users\Illusive\Documents\Visual Studio 2013\Projects\PsychicSort\Debug\PsychicSort.pdb
